2022-05-06 23:45:53,267 ERROR    root            (gcloud) Command name argument expected.
2022-05-06 23:45:53,267 DEBUG    root            No implementation for release track [GA] for element: [/Users/alex/google-cloud-sdk/lib/surface/remote_build_execution]
2022-05-06 23:45:53,268 DEBUG    root            Loaded Command Group: ['gcloud', 'sql']
2022-05-06 23:45:53,269 DEBUG    root            No implementation for release track [GA] for element: [/Users/alex/google-cloud-sdk/lib/surface/storage]
2022-05-06 23:45:53,270 DEBUG    root            Loaded Command Group: ['gcloud', 'services']
2022-05-06 23:45:53,271 DEBUG    root            Loaded Command Group: ['gcloud', 'cloud_shell']
2022-05-06 23:45:53,272 DEBUG    root            Loaded Command Group: ['gcloud', 'policy_intelligence']
2022-05-06 23:45:53,409 DEBUG    root            No implementation for release track [GA] for element: [/Users/alex/google-cloud-sdk/lib/surface/interactive]
2022-05-06 23:45:53,410 DEBUG    root            No implementation for release track [GA] for element: [/Users/alex/google-cloud-sdk/lib/surface/publicca]
2022-05-06 23:45:53,410 DEBUG    root            No implementation for release track [GA] for element: [/Users/alex/google-cloud-sdk/lib/surface/trace]
2022-05-06 23:45:53,411 DEBUG    root            Loaded Command Group: ['gcloud', 'healthcare']
2022-05-06 23:45:53,412 DEBUG    root            Loaded Command Group: ['gcloud', 'org_policies']
2022-05-06 23:45:53,413 DEBUG    root            No implementation for release track [GA] for element: [/Users/alex/google-cloud-sdk/lib/surface/datapipelines]
2022-05-06 23:45:53,413 DEBUG    root            Loaded Command Group: ['gcloud', 'composer']
2022-05-06 23:45:53,414 DEBUG    root            No implementation for release track [GA] for element: [/Users/alex/google-cloud-sdk/lib/surface/terraform]
2022-05-06 23:45:53,414 DEBUG    root            No implementation for release track [GA] for element: [/Users/alex/google-cloud-sdk/lib/surface/dialogflow]
2022-05-06 23:45:53,414 DEBUG    root            Loaded Command Group: ['gcloud', 'network_connectivity']
2022-05-06 23:45:53,415 DEBUG    root            Loaded Command Group: ['gcloud', 'active_directory']
2022-05-06 23:45:53,416 DEBUG    root            Loaded Command Group: ['gcloud', 'auth']
2022-05-06 23:45:53,417 DEBUG    root            Loaded Command Group: ['gcloud', 'dataproc']
2022-05-06 23:45:53,418 DEBUG    root            Loaded Command Group: ['gcloud', 'topic']
2022-05-06 23:45:53,423 DEBUG    root            Loaded Command Group: ['gcloud', 'feedback']
2022-05-06 23:45:53,424 DEBUG    root            Loaded Command Group: ['gcloud', 'emulators']
2022-05-06 23:45:53,425 DEBUG    root            Loaded Command Group: ['gcloud', 'resource_manager']
2022-05-06 23:45:53,425 DEBUG    root            Loaded Command Group: ['gcloud', 'asset']
2022-05-06 23:45:53,426 DEBUG    root            Loaded Command Group: ['gcloud', 'scc']
2022-05-06 23:45:53,427 DEBUG    root            No implementation for release track [GA] for element: [/Users/alex/google-cloud-sdk/lib/surface/beyondcorp]
2022-05-06 23:45:53,427 DEBUG    root            Loaded Command Group: ['gcloud', 'ids']
2022-05-06 23:45:53,428 DEBUG    root            Loaded Command Group: ['gcloud', 'recaptcha']
2022-05-06 23:45:53,429 DEBUG    root            Loaded Command Group: ['gcloud', 'access_approval']
2022-05-06 23:45:53,429 DEBUG    root            Loaded Command Group: ['gcloud', 'bms']
2022-05-06 23:45:53,430 DEBUG    root            Loaded Command Group: ['gcloud', 'version']
2022-05-06 23:45:53,431 DEBUG    root            Loaded Command Group: ['gcloud', 'pubsub']
2022-05-06 23:45:53,432 DEBUG    root            Loaded Command Group: ['gcloud', 'apigee']
2022-05-06 23:45:53,433 DEBUG    root            Loaded Command Group: ['gcloud', 'iam']
2022-05-06 23:45:53,433 DEBUG    root            No implementation for release track [GA] for element: [/Users/alex/google-cloud-sdk/lib/surface/web_security_scanner]
2022-05-06 23:45:53,434 DEBUG    root            No implementation for release track [GA] for element: [/Users/alex/google-cloud-sdk/lib/surface/kuberun]
2022-05-06 23:45:53,434 DEBUG    root            Loaded Command Group: ['gcloud', 'policy_troubleshoot']
2022-05-06 23:45:53,435 DEBUG    root            No implementation for release track [GA] for element: [/Users/alex/google-cloud-sdk/lib/surface/batch]
2022-05-06 23:45:53,435 DEBUG    root            Loaded Command Group: ['gcloud', 'recommender']
2022-05-06 23:45:53,436 DEBUG    root            Loaded Command Group: ['gcloud', 'kms']
2022-05-06 23:45:53,459 DEBUG    root            Loaded Command Group: ['gcloud', 'ml_engine']
2022-05-06 23:45:53,461 DEBUG    root            Loaded Command Group: ['gcloud', 'functions']
2022-05-06 23:45:53,463 DEBUG    root            Loaded Command Group: ['gcloud', 'network_services']
2022-05-06 23:45:53,464 DEBUG    root            Loaded Command Group: ['gcloud', 'identity']
2022-05-06 23:45:53,465 DEBUG    root            Loaded Command Group: ['gcloud', 'bigtable']
2022-05-06 23:45:53,470 DEBUG    root            Loaded Command Group: ['gcloud', 'help']
2022-05-06 23:45:53,471 DEBUG    root            Loaded Command Group: ['gcloud', 'datastore']
2022-05-06 23:45:53,471 DEBUG    root            Loaded Command Group: ['gcloud', 'api_gateway']
2022-05-06 23:45:53,472 DEBUG    root            Loaded Command Group: ['gcloud', 'meta']
2022-05-06 23:45:53,473 DEBUG    root            Loaded Command Group: ['gcloud', 'secrets']
2022-05-06 23:45:53,474 DEBUG    root            No implementation for release track [GA] for element: [/Users/alex/google-cloud-sdk/lib/surface/media]
2022-05-06 23:45:53,474 DEBUG    root            Loaded Command Group: ['gcloud', 'domains']
2022-05-06 23:45:53,475 DEBUG    root            Loaded Command Group: ['gcloud', 'dataflow']
2022-05-06 23:45:53,476 DEBUG    root            Loaded Command Group: ['gcloud', 'assured']
2022-05-06 23:45:53,477 DEBUG    root            Loaded Command Group: ['gcloud', 'config']
2022-05-06 23:45:53,478 DEBUG    root            Loaded Command Group: ['gcloud', 'redis']
2022-05-06 23:45:53,479 DEBUG    root            Loaded Command Group: ['gcloud', 'privateca']
2022-05-06 23:45:53,480 DEBUG    root            Loaded Command Group: ['gcloud', 'run']
2022-05-06 23:45:53,484 DEBUG    root            Loaded Command Group: ['gcloud', 'info']
2022-05-06 23:45:53,485 DEBUG    root            Loaded Command Group: ['gcloud', 'workspace_add_ons']
2022-05-06 23:45:53,485 DEBUG    root            Loaded Command Group: ['gcloud', 'components']
2022-05-06 23:45:53,542 DEBUG    root            Loaded Command Group: ['gcloud', 'compute']
2022-05-06 23:45:53,543 DEBUG    root            Loaded Command Group: ['gcloud', 'filestore']
2022-05-06 23:45:53,544 DEBUG    root            Loaded Command Group: ['gcloud', 'firebase']
2022-05-06 23:45:53,545 DEBUG    root            Loaded Command Group: ['gcloud', 'resource_settings']
2022-05-06 23:45:53,545 DEBUG    root            Loaded Command Group: ['gcloud', 'firestore']
2022-05-06 23:45:53,546 DEBUG    root            Loaded Command Group: ['gcloud', 'data_catalog']
2022-05-06 23:45:53,547 DEBUG    root            Loaded Command Group: ['gcloud', 'access_context_manager']
2022-05-06 23:45:53,547 DEBUG    root            No implementation for release track [GA] for element: [/Users/alex/google-cloud-sdk/lib/surface/immersive_stream]
2022-05-06 23:45:53,548 DEBUG    root            No implementation for release track [GA] for element: [/Users/alex/google-cloud-sdk/lib/surface/data_fusion]
2022-05-06 23:45:53,548 DEBUG    root            Loaded Command Group: ['gcloud', 'scheduler']
2022-05-06 23:45:53,549 DEBUG    root            Loaded Command Group: ['gcloud', 'monitoring']
2022-05-06 23:45:53,550 DEBUG    root            Loaded Command Group: ['gcloud', 'artifacts']
2022-05-06 23:45:53,551 DEBUG    root            No implementation for release track [GA] for element: [/Users/alex/google-cloud-sdk/lib/surface/resource_config]
2022-05-06 23:45:53,551 DEBUG    root            Loaded Command Group: ['gcloud', 'network_security']
2022-05-06 23:45:53,552 DEBUG    root            Loaded Command Group: ['gcloud', 'ai']
2022-05-06 23:45:53,553 DEBUG    root            No implementation for release track [GA] for element: [/Users/alex/google-cloud-sdk/lib/surface/runtime_config]
2022-05-06 23:45:53,554 DEBUG    root            No implementation for release track [GA] for element: [/Users/alex/google-cloud-sdk/lib/surface/genomics]
2022-05-06 23:45:53,554 DEBUG    root            No implementation for release track [GA] for element: [/Users/alex/google-cloud-sdk/lib/surface/alloydb]
2022-05-06 23:45:53,554 DEBUG    root            No implementation for release track [GA] for element: [/Users/alex/google-cloud-sdk/lib/surface/lifesciences]
2022-05-06 23:45:53,555 DEBUG    root            Loaded Command Group: ['gcloud', 'metastore']
2022-05-06 23:45:53,555 DEBUG    root            Loaded Command Group: ['gcloud', 'logging']
2022-05-06 23:45:53,556 DEBUG    root            Loaded Command Group: ['gcloud', 'transfer']
2022-05-06 23:45:53,557 DEBUG    root            Loaded Command Group: ['gcloud', 'dataplex']
2022-05-06 23:45:53,561 DEBUG    root            Loaded Command Group: ['gcloud', 'survey']
2022-05-06 23:45:53,562 DEBUG    root            Loaded Command Group: ['gcloud', 'essential_contacts']
2022-05-06 23:45:53,566 DEBUG    root            No implementation for release track [GA] for element: [/Users/alex/google-cloud-sdk/lib/surface/code]
2022-05-06 23:45:53,566 DEBUG    root            Loaded Command Group: ['gcloud', 'app']
2022-05-06 23:45:53,567 DEBUG    root            Loaded Command Group: ['gcloud', 'edge_cloud']
2022-05-06 23:45:53,569 DEBUG    root            Loaded Command Group: ['gcloud', 'builds']
2022-05-06 23:45:53,570 DEBUG    root            Loaded Command Group: ['gcloud', 'datastream']
2022-05-06 23:45:53,571 DEBUG    root            No implementation for release track [GA] for element: [/Users/alex/google-cloud-sdk/lib/surface/error_reporting]
2022-05-06 23:45:53,571 DEBUG    root            Loaded Command Group: ['gcloud', 'organizations']
2022-05-06 23:45:53,572 DEBUG    root            Loaded Command Group: ['gcloud', 'notebooks']
2022-05-06 23:45:53,573 DEBUG    root            Loaded Command Group: ['gcloud', 'endpoints']
2022-05-06 23:45:53,574 DEBUG    root            Loaded Command Group: ['gcloud', 'database_migration']
2022-05-06 23:45:53,575 DEBUG    root            Loaded Command Group: ['gcloud', 'deployment_manager']
2022-05-06 23:45:53,576 DEBUG    root            Loaded Command Group: ['gcloud', 'anthos']
2022-05-06 23:45:53,577 DEBUG    root            Loaded Command Group: ['gcloud', 'transcoder']
2022-05-06 23:45:53,578 DEBUG    root            Loaded Command Group: ['gcloud', 'tasks']
2022-05-06 23:45:53,579 DEBUG    root            Loaded Command Group: ['gcloud', 'iot']
2022-05-06 23:45:53,580 DEBUG    root            Loaded Command Group: ['gcloud', 'projects']
2022-05-06 23:45:53,581 DEBUG    root            No implementation for release track [GA] for element: [/Users/alex/google-cloud-sdk/lib/surface/workstations]
2022-05-06 23:45:53,581 DEBUG    root            Loaded Command Group: ['gcloud', 'memcache']
2022-05-06 23:45:53,582 DEBUG    root            Loaded Command Group: ['gcloud', 'iap']
2022-05-06 23:45:53,584 DEBUG    root            Loaded Command Group: ['gcloud', 'docker']
2022-05-06 23:45:53,585 DEBUG    root            Loaded Command Group: ['gcloud', 'source']
2022-05-06 23:45:53,586 DEBUG    root            Loaded Command Group: ['gcloud', 'cheat_sheet']
2022-05-06 23:45:53,587 DEBUG    root            Loaded Command Group: ['gcloud', 'workflows']
2022-05-06 23:45:53,588 DEBUG    root            Loaded Command Group: ['gcloud', 'game']
2022-05-06 23:45:53,588 DEBUG    root            Loaded Command Group: ['gcloud', 'ml']
2022-05-06 23:45:53,631 DEBUG    root            No implementation for release track [GA] for element: [/Users/alex/google-cloud-sdk/lib/surface/events]
2022-05-06 23:45:53,631 DEBUG    root            No implementation for release track [GA] for element: [/Users/alex/google-cloud-sdk/lib/surface/commerce_procurement]
2022-05-06 23:45:53,631 DEBUG    root            No implementation for release track [GA] for element: [/Users/alex/google-cloud-sdk/lib/surface/bq]
2022-05-06 23:45:53,632 DEBUG    root            No implementation for release track [GA] for element: [/Users/alex/google-cloud-sdk/lib/surface/blueprints]
2022-05-06 23:45:53,632 DEBUG    root            No implementation for release track [GA] for element: [/Users/alex/google-cloud-sdk/lib/surface/dlp]
2022-05-06 23:45:53,632 DEBUG    root            No implementation for release track [GA] for element: [/Users/alex/google-cloud-sdk/lib/surface/edge_container]
2022-05-06 23:45:53,632 DEBUG    root            Loaded Command Group: ['gcloud', 'edge_cache']
2022-05-06 23:45:53,633 DEBUG    root            Loaded Command Group: ['gcloud', 'dns']
2022-05-06 23:45:53,634 DEBUG    root            No implementation for release track [GA] for element: [/Users/alex/google-cloud-sdk/lib/surface/certificate_manager]
2022-05-06 23:45:53,635 DEBUG    root            Loaded Command Group: ['gcloud', 'debug']
2022-05-06 23:45:53,636 DEBUG    root            Loaded Command Group: ['gcloud', 'network_management']
2022-05-06 23:45:53,637 DEBUG    root            Loaded Command Group: ['gcloud', 'spanner']
2022-05-06 23:45:53,637 DEBUG    root            Loaded Command Group: ['gcloud', 'ai_platform']
2022-05-06 23:45:53,641 DEBUG    root            Loaded Command Group: ['gcloud', 'init']
2022-05-06 23:45:53,642 DEBUG    root            Loaded Command Group: ['gcloud', 'billing']
2022-05-06 23:45:53,643 DEBUG    root            No implementation for release track [GA] for element: [/Users/alex/google-cloud-sdk/lib/surface/vmware]
2022-05-06 23:45:53,643 DEBUG    root            Loaded Command Group: ['gcloud', 'deploy']
2022-05-06 23:45:53,644 DEBUG    root            Loaded Command Group: ['gcloud', 'eventarc']
2022-05-06 23:45:53,644 DEBUG    root            Loaded Command Group: ['gcloud', 'service_directory']
